0 info it worked if it ends with ok
1 verbose cli [ '/usr/local/bin/node',
1 verbose cli   '/usr/local/bin/npm',
1 verbose cli   'run',
1 verbose cli   'test-features' ]
2 info using npm@3.9.3
3 info using node@v6.2.1
4 verbose run-script [ 'pretest-features', 'test-features', 'posttest-features' ]
5 info lifecycle regexperts-frontend@1.0.0~pretest-features: regexperts-frontend@1.0.0
6 silly lifecycle regexperts-frontend@1.0.0~pretest-features: no script for pretest-features, continuing
7 info lifecycle regexperts-frontend@1.0.0~test-features: regexperts-frontend@1.0.0
8 verbose lifecycle regexperts-frontend@1.0.0~test-features: unsafe-perm in lifecycle true
9 verbose lifecycle regexperts-frontend@1.0.0~test-features: PATH: /usr/local/lib/node_modules/npm/bin/node-gyp-bin:/Users/fergyo/Projects/regexperts-frontend/node_modules/.bin:/usr/local/bin:/Users/fergyo/.rvm/gems/ruby-2.3.0/bin:/Users/fergyo/.rvm/gems/ruby-2.3.0@global/bin:/Users/fergyo/.rvm/rubies/ruby-2.3.0/bin:/usr/local/bin:/usr/bin:/bin:/usr/sbin:/sbin:/Users/fergyo/.rvm/gems/ruby-2.3.0/bin:/Users/fergyo/.rvm/gems/ruby-2.3.0@global/bin:/Users/fergyo/.rvm/rubies/ruby-2.3.0/bin:/usr/local/bin:/usr/bin:/bin:/usr/sbin:/sbin:/Users/fergyo/.rvm/bin
10 verbose lifecycle regexperts-frontend@1.0.0~test-features: CWD: /Users/fergyo/Projects/regexperts-frontend
11 silly lifecycle regexperts-frontend@1.0.0~test-features: Args: [ '-c',
11 silly lifecycle   './node_modules/protractor/bin/protractor test/protractor.conf.js' ]
12 silly lifecycle regexperts-frontend@1.0.0~test-features: Returned: code: 1  signal: null
13 info lifecycle regexperts-frontend@1.0.0~test-features: Failed to exec test-features script
14 verbose stack Error: regexperts-frontend@1.0.0 test-features: `./node_modules/protractor/bin/protractor test/protractor.conf.js`
14 verbose stack Exit status 1
14 verbose stack     at EventEmitter.<anonymous> (/usr/local/lib/node_modules/npm/lib/utils/lifecycle.js:245:16)
14 verbose stack     at emitTwo (events.js:106:13)
14 verbose stack     at EventEmitter.emit (events.js:191:7)
14 verbose stack     at ChildProcess.<anonymous> (/usr/local/lib/node_modules/npm/lib/utils/spawn.js:24:14)
14 verbose stack     at emitTwo (events.js:106:13)
14 verbose stack     at ChildProcess.emit (events.js:191:7)
14 verbose stack     at maybeClose (internal/child_process.js:852:16)
14 verbose stack     at Process.ChildProcess._handle.onexit (internal/child_process.js:215:5)
15 verbose pkgid regexperts-frontend@1.0.0
16 verbose cwd /Users/fergyo/Projects/regexperts-frontend
17 error Darwin 15.4.0
18 error argv "/usr/local/bin/node" "/usr/local/bin/npm" "run" "test-features"
19 error node v6.2.1
20 error npm  v3.9.3
21 error code ELIFECYCLE
22 error regexperts-frontend@1.0.0 test-features: `./node_modules/protractor/bin/protractor test/protractor.conf.js`
22 error Exit status 1
23 error Failed at the regexperts-frontend@1.0.0 test-features script './node_modules/protractor/bin/protractor test/protractor.conf.js'.
23 error Make sure you have the latest version of node.js and npm installed.
23 error If you do, this is most likely a problem with the regexperts-frontend package,
23 error not with npm itself.
23 error Tell the author that this fails on your system:
23 error     ./node_modules/protractor/bin/protractor test/protractor.conf.js
23 error You can get information on how to open an issue for this project with:
23 error     npm bugs regexperts-frontend
23 error Or if that isn't available, you can get their info via:
23 error     npm owner ls regexperts-frontend
23 error There is likely additional logging output above.
24 verbose exit [ 1, true ]
